<?xml version="1.0" encoding="UTF-8"?>
<!-- Generated by org.testng.reporters.JUnitXMLReporter -->
<testsuite hostname="LAPTOP-OHLH8S6H" name="Default test" tests="6" failures="0" timestamp="17 Aug 2019 19:39:59 GMT" time="111.18" errors="0">
  <testcase name="verifyContactsPageLabelTest" time="0.11" classname="com.crm.qa.testcases.ContactsPageTest"/>
  <testcase name="selectSingleContactsTest" time="0.146" classname="com.crm.qa.testcases.ContactsPageTest"/>
  <testcase name="selectMultipleContactsTest" time="0.419" classname="com.crm.qa.testcases.ContactsPageTest"/>
  <testcase name="validateCreateNewContactTest" time="3.423" classname="com.crm.qa.testcases.ContactsPageTest"/>
  <testcase name="validateCreateNewContactTest" time="2.781" classname="com.crm.qa.testcases.ContactsPageTest"/>
  <testcase name="validateCreateNewContactTest" time="2.547" classname="com.crm.qa.testcases.ContactsPageTest"/>
</testsuite> <!-- Default test -->
