<?xml version="1.0" encoding="UTF-8"?>
<!-- Generated by org.testng.reporters.JUnitXMLReporter -->
<testsuite hostname="LAPTOP-OHLH8S6H" name="Command line test" tests="12" failures="0" timestamp="18 Aug 2019 05:55:52 GMT" time="256.101" errors="0">
  <testcase name="verifyContactsPageLabelTest" time="0.149" classname="com.crm.qa.testcases.ContactsPageTest"/>
  <testcase name="verifyHomePageTitleTest" time="0.113" classname="com.crm.qa.testcases.HomePageTest"/>
  <testcase name="loginPageTitleTest" time="0.148" classname="com.crm.qa.testcases.LoginPageTest"/>
  <testcase name="selectSingleContactsTest" time="0.3" classname="com.crm.qa.testcases.ContactsPageTest"/>
  <testcase name="verifyUsernameDisplayed" time="0.617" classname="com.crm.qa.testcases.HomePageTest"/>
  <testcase name="crmLogoTest" time="0.299" classname="com.crm.qa.testcases.LoginPageTest"/>
  <testcase name="selectMultipleContactsTest" time="0.402" classname="com.crm.qa.testcases.ContactsPageTest"/>
  <testcase name="verifyContactsLinkTest" time="1.202" classname="com.crm.qa.testcases.HomePageTest"/>
  <testcase name="loginTest" time="7.525" classname="com.crm.qa.testcases.LoginPageTest"/>
  <testcase name="validateCreateNewContactTest" time="3.254" classname="com.crm.qa.testcases.ContactsPageTest"/>
  <testcase name="validateCreateNewContactTest" time="4.121" classname="com.crm.qa.testcases.ContactsPageTest"/>
  <testcase name="validateCreateNewContactTest" time="3.702" classname="com.crm.qa.testcases.ContactsPageTest"/>
</testsuite> <!-- Command line test -->
