<?xml version="1.0" encoding="UTF-8" ?>
<testsuite tests="12" failures="3" name="TestSuite" time="8.785" errors="0" skipped="0">
  <properties>
[...]
</properties>
  <testcase classname="com.crm.qa.testcases.ContactsPageTest" name="verifyContactsPageLabelTest" time="0.069"/>
  <testcase classname="com.crm.qa.testcases.HomePageTest" name="verifyHomePageTitleTest" time="0.012"/>
  <testcase classname="com.crm.qa.testcases.LoginPageTest" name="loginPageTitleTest" time="0.017"/>
  <testcase classname="com.crm.qa.testcases.ContactsPageTest" name="selectSingleContactsTest" time="0.169"/>
  <testcase classname="com.crm.qa.testcases.HomePageTest" name="verifyUsernameDisplayed" time="0.151"/>
  <testcase classname="com.crm.qa.testcases.LoginPageTest" name="crmLogoTest" time="0.089"/>
  <testcase classname="com.crm.qa.testcases.ContactsPageTest" name="selectMultipleContactsTest" time="0.265"/>
  <testcase classname="com.crm.qa.testcases.HomePageTest" name="verifyContactsLinkTest" time="0.945"/>
  <testcase classname="com.crm.qa.testcases.LoginPageTest" name="loginTest" time="6.806"/>
  <testcase classname="com.crm.qa.testcases.ContactsPageTest" name="validateCreateNewContactTest" time="0.113">
    <failure message="mouseMoveTo
Build info: version: &apos;3.4.0&apos;, revision: &apos;unknown&apos;, time: &apos;unknown&apos;
System info: host: &apos;LAPTOP-OHLH8S6H&apos;, ip: &apos;192.168.1.6&apos;, os.name: &apos;Windows 10&apos;, os.arch: &apos;amd64&apos;, os.version: &apos;10.0&apos;, java.version: &apos;1.8.0_211&apos;
Driver info: driver.version: RemoteWebDriver" type="org.openqa.selenium.UnsupportedCommandException">org.openqa.selenium.UnsupportedCommandException: mouseMoveTo
Build info: version: &apos;3.4.0&apos;, revision: &apos;unknown&apos;, time: &apos;unknown&apos;
System info: host: &apos;LAPTOP-OHLH8S6H&apos;, ip: &apos;192.168.1.6&apos;, os.name: &apos;Windows 10&apos;, os.arch: &apos;amd64&apos;, os.version: &apos;10.0&apos;, java.version: &apos;1.8.0_211&apos;
Driver info: driver.version: RemoteWebDriver
	at org.openqa.selenium.remote.http.AbstractHttpCommandCodec.encode(AbstractHttpCommandCodec.java:220)
	at org.openqa.selenium.remote.http.AbstractHttpCommandCodec.encode(AbstractHttpCommandCodec.java:118)
	at org.openqa.selenium.remote.HttpCommandExecutor.execute(HttpCommandExecutor.java:158)
	at org.openqa.selenium.remote.service.DriverCommandExecutor.execute(DriverCommandExecutor.java:82)
	at org.openqa.selenium.remote.RemoteWebDriver.execute(RemoteWebDriver.java:637)
	at org.openqa.selenium.remote.RemoteExecuteMethod.execute(RemoteExecuteMethod.java:35)
	at org.openqa.selenium.remote.RemoteMouse.mouseMove(RemoteMouse.java:89)
	at org.openqa.selenium.support.events.internal.EventFiringMouse.mouseMove(EventFiringMouse.java:58)
	at org.openqa.selenium.interactions.MoveMouseAction.perform(MoveMouseAction.java:43)
	at org.openqa.selenium.interactions.CompositeAction.perform(CompositeAction.java:36)
	at org.openqa.selenium.interactions.Actions$BuiltAction.perform(Actions.java:634)
	at com.crm.qa.pages.HomePage.clickOnNewContact(HomePage.java:60)
	at com.crm.qa.testcases.ContactsPageTest.validateCreateNewContactTest(ContactsPageTest.java:59)
</failure>
    <system-out>Before navigating to: &apos;https://www.crmpro.com/index.html&apos;
Navigated to:&apos;https://www.crmpro.com/index.html&apos;
Trying to find Element By : By.name: username
Found Element By : By.name: username
Trying to find Element By : By.name: password
Found Element By : By.name: password
Trying to find Element By : By.xpath: //input[@type=&apos;submit&apos;]
Found Element By : By.xpath: //input[@type=&apos;submit&apos;]
Trying to find Element By : By.xpath: //input[@type=&apos;submit&apos;]
Found Element By : By.xpath: //input[@type=&apos;submit&apos;]
Trying to find Element By : By.xpath: //input[@type=&apos;submit&apos;]
Found Element By : By.xpath: //input[@type=&apos;submit&apos;]
Trying to click on: [[ChromeDriver: chrome on ANY (1844d38ef8ee8195bca01bcf88f64f16)] -&gt; xpath: //input[@type=&apos;submit&apos;]]
Clicked on: [[ChromeDriver: chrome on ANY (1844d38ef8ee8195bca01bcf88f64f16)] -&gt; xpath: //input[@type=&apos;submit&apos;]]
Trying to find Element By : By.xpath: //a[contains(text(),&apos;Contacts&apos;)]
Found Element By : By.xpath: //a[contains(text(),&apos;Contacts&apos;)]
Trying to click on: [[ChromeDriver: chrome on ANY (1844d38ef8ee8195bca01bcf88f64f16)] -&gt; xpath: //a[contains(text(),&apos;Contacts&apos;)]]
Clicked on: [[ChromeDriver: chrome on ANY (1844d38ef8ee8195bca01bcf88f64f16)] -&gt; xpath: //a[contains(text(),&apos;Contacts&apos;)]]
Trying to find Element By : By.xpath: //a[contains(text(),&apos;Contacts&apos;)]
Found Element By : By.xpath: //a[contains(text(),&apos;Contacts&apos;)]
Trying to find Element By : By.xpath: //a[contains(text(),&apos;Contacts&apos;)]
Found Element By : By.xpath: //a[contains(text(),&apos;Contacts&apos;)]
Trying to find Element By : By.xpath: //a[contains(text(),&apos;Contacts&apos;)]
Found Element By : By.xpath: //a[contains(text(),&apos;Contacts&apos;)]
</system-out>
    <system-err>Starting ChromeDriver 76.0.3809.68 (420c9498db8ce8fcd190a954d51297672c1515d5-refs/branch-heads/3809@{#864}) on port 44953
Only local connections are allowed.
Please protect ports used by ChromeDriver and related test frameworks to prevent access by malicious code.
Aug 16, 2019 4:57:23 PM org.openqa.selenium.remote.ProtocolHandshake createSession
INFO: Detected dialect: W3C
</system-err>
  </testcase>
  <testcase classname="com.crm.qa.testcases.ContactsPageTest" name="validateCreateNewContactTest" time="0.081">
    <failure message="mouseMoveTo
Build info: version: &apos;3.4.0&apos;, revision: &apos;unknown&apos;, time: &apos;unknown&apos;
System info: host: &apos;LAPTOP-OHLH8S6H&apos;, ip: &apos;192.168.1.6&apos;, os.name: &apos;Windows 10&apos;, os.arch: &apos;amd64&apos;, os.version: &apos;10.0&apos;, java.version: &apos;1.8.0_211&apos;
Driver info: driver.version: RemoteWebDriver" type="org.openqa.selenium.UnsupportedCommandException">org.openqa.selenium.UnsupportedCommandException: mouseMoveTo
Build info: version: &apos;3.4.0&apos;, revision: &apos;unknown&apos;, time: &apos;unknown&apos;
System info: host: &apos;LAPTOP-OHLH8S6H&apos;, ip: &apos;192.168.1.6&apos;, os.name: &apos;Windows 10&apos;, os.arch: &apos;amd64&apos;, os.version: &apos;10.0&apos;, java.version: &apos;1.8.0_211&apos;
Driver info: driver.version: RemoteWebDriver
	at org.openqa.selenium.remote.http.AbstractHttpCommandCodec.encode(AbstractHttpCommandCodec.java:220)
	at org.openqa.selenium.remote.http.AbstractHttpCommandCodec.encode(AbstractHttpCommandCodec.java:118)
	at org.openqa.selenium.remote.HttpCommandExecutor.execute(HttpCommandExecutor.java:158)
	at org.openqa.selenium.remote.service.DriverCommandExecutor.execute(DriverCommandExecutor.java:82)
	at org.openqa.selenium.remote.RemoteWebDriver.execute(RemoteWebDriver.java:637)
	at org.openqa.selenium.remote.RemoteExecuteMethod.execute(RemoteExecuteMethod.java:35)
	at org.openqa.selenium.remote.RemoteMouse.mouseMove(RemoteMouse.java:89)
	at org.openqa.selenium.support.events.internal.EventFiringMouse.mouseMove(EventFiringMouse.java:58)
	at org.openqa.selenium.interactions.MoveMouseAction.perform(MoveMouseAction.java:43)
	at org.openqa.selenium.interactions.CompositeAction.perform(CompositeAction.java:36)
	at org.openqa.selenium.interactions.Actions$BuiltAction.perform(Actions.java:634)
	at com.crm.qa.pages.HomePage.clickOnNewContact(HomePage.java:60)
	at com.crm.qa.testcases.ContactsPageTest.validateCreateNewContactTest(ContactsPageTest.java:59)
</failure>
    <system-out>Before navigating to: &apos;https://www.crmpro.com/index.html&apos;
Navigated to:&apos;https://www.crmpro.com/index.html&apos;
Trying to find Element By : By.name: username
Found Element By : By.name: username
Trying to find Element By : By.name: password
Found Element By : By.name: password
Trying to find Element By : By.xpath: //input[@type=&apos;submit&apos;]
Found Element By : By.xpath: //input[@type=&apos;submit&apos;]
Trying to find Element By : By.xpath: //input[@type=&apos;submit&apos;]
Found Element By : By.xpath: //input[@type=&apos;submit&apos;]
Trying to find Element By : By.xpath: //input[@type=&apos;submit&apos;]
Found Element By : By.xpath: //input[@type=&apos;submit&apos;]
Trying to click on: [[ChromeDriver: chrome on ANY (a87dc8957ef52647f93ade24e6de61cf)] -&gt; xpath: //input[@type=&apos;submit&apos;]]
Clicked on: [[ChromeDriver: chrome on ANY (a87dc8957ef52647f93ade24e6de61cf)] -&gt; xpath: //input[@type=&apos;submit&apos;]]
Trying to find Element By : By.xpath: //a[contains(text(),&apos;Contacts&apos;)]
Found Element By : By.xpath: //a[contains(text(),&apos;Contacts&apos;)]
Trying to click on: [[ChromeDriver: chrome on ANY (a87dc8957ef52647f93ade24e6de61cf)] -&gt; xpath: //a[contains(text(),&apos;Contacts&apos;)]]
Clicked on: [[ChromeDriver: chrome on ANY (a87dc8957ef52647f93ade24e6de61cf)] -&gt; xpath: //a[contains(text(),&apos;Contacts&apos;)]]
Trying to find Element By : By.xpath: //a[contains(text(),&apos;Contacts&apos;)]
Found Element By : By.xpath: //a[contains(text(),&apos;Contacts&apos;)]
Trying to find Element By : By.xpath: //a[contains(text(),&apos;Contacts&apos;)]
Found Element By : By.xpath: //a[contains(text(),&apos;Contacts&apos;)]
Trying to find Element By : By.xpath: //a[contains(text(),&apos;Contacts&apos;)]
Found Element By : By.xpath: //a[contains(text(),&apos;Contacts&apos;)]
</system-out>
    <system-err>Starting ChromeDriver 76.0.3809.68 (420c9498db8ce8fcd190a954d51297672c1515d5-refs/branch-heads/3809@{#864}) on port 26920
Only local connections are allowed.
Please protect ports used by ChromeDriver and related test frameworks to prevent access by malicious code.
Aug 16, 2019 4:57:42 PM org.openqa.selenium.remote.ProtocolHandshake createSession
INFO: Detected dialect: W3C
</system-err>
  </testcase>
  <testcase classname="com.crm.qa.testcases.ContactsPageTest" name="validateCreateNewContactTest" time="0.068">
    <failure message="mouseMoveTo
Build info: version: &apos;3.4.0&apos;, revision: &apos;unknown&apos;, time: &apos;unknown&apos;
System info: host: &apos;LAPTOP-OHLH8S6H&apos;, ip: &apos;192.168.1.6&apos;, os.name: &apos;Windows 10&apos;, os.arch: &apos;amd64&apos;, os.version: &apos;10.0&apos;, java.version: &apos;1.8.0_211&apos;
Driver info: driver.version: RemoteWebDriver" type="org.openqa.selenium.UnsupportedCommandException">org.openqa.selenium.UnsupportedCommandException: mouseMoveTo
Build info: version: &apos;3.4.0&apos;, revision: &apos;unknown&apos;, time: &apos;unknown&apos;
System info: host: &apos;LAPTOP-OHLH8S6H&apos;, ip: &apos;192.168.1.6&apos;, os.name: &apos;Windows 10&apos;, os.arch: &apos;amd64&apos;, os.version: &apos;10.0&apos;, java.version: &apos;1.8.0_211&apos;
Driver info: driver.version: RemoteWebDriver
	at org.openqa.selenium.remote.http.AbstractHttpCommandCodec.encode(AbstractHttpCommandCodec.java:220)
	at org.openqa.selenium.remote.http.AbstractHttpCommandCodec.encode(AbstractHttpCommandCodec.java:118)
	at org.openqa.selenium.remote.HttpCommandExecutor.execute(HttpCommandExecutor.java:158)
	at org.openqa.selenium.remote.service.DriverCommandExecutor.execute(DriverCommandExecutor.java:82)
	at org.openqa.selenium.remote.RemoteWebDriver.execute(RemoteWebDriver.java:637)
	at org.openqa.selenium.remote.RemoteExecuteMethod.execute(RemoteExecuteMethod.java:35)
	at org.openqa.selenium.remote.RemoteMouse.mouseMove(RemoteMouse.java:89)
	at org.openqa.selenium.support.events.internal.EventFiringMouse.mouseMove(EventFiringMouse.java:58)
	at org.openqa.selenium.interactions.MoveMouseAction.perform(MoveMouseAction.java:43)
	at org.openqa.selenium.interactions.CompositeAction.perform(CompositeAction.java:36)
	at org.openqa.selenium.interactions.Actions$BuiltAction.perform(Actions.java:634)
	at com.crm.qa.pages.HomePage.clickOnNewContact(HomePage.java:60)
	at com.crm.qa.testcases.ContactsPageTest.validateCreateNewContactTest(ContactsPageTest.java:59)
</failure>
    <system-out>Before navigating to: &apos;https://www.crmpro.com/index.html&apos;
Navigated to:&apos;https://www.crmpro.com/index.html&apos;
Trying to find Element By : By.name: username
Found Element By : By.name: username
Trying to find Element By : By.name: password
Found Element By : By.name: password
Trying to find Element By : By.xpath: //input[@type=&apos;submit&apos;]
Found Element By : By.xpath: //input[@type=&apos;submit&apos;]
Trying to find Element By : By.xpath: //input[@type=&apos;submit&apos;]
Found Element By : By.xpath: //input[@type=&apos;submit&apos;]
Trying to find Element By : By.xpath: //input[@type=&apos;submit&apos;]
Found Element By : By.xpath: //input[@type=&apos;submit&apos;]
Trying to click on: [[ChromeDriver: chrome on ANY (524d2a779a144f0f41f1d969076a162f)] -&gt; xpath: //input[@type=&apos;submit&apos;]]
Clicked on: [[ChromeDriver: chrome on ANY (524d2a779a144f0f41f1d969076a162f)] -&gt; xpath: //input[@type=&apos;submit&apos;]]
Trying to find Element By : By.xpath: //a[contains(text(),&apos;Contacts&apos;)]
Found Element By : By.xpath: //a[contains(text(),&apos;Contacts&apos;)]
Trying to click on: [[ChromeDriver: chrome on ANY (524d2a779a144f0f41f1d969076a162f)] -&gt; xpath: //a[contains(text(),&apos;Contacts&apos;)]]
Clicked on: [[ChromeDriver: chrome on ANY (524d2a779a144f0f41f1d969076a162f)] -&gt; xpath: //a[contains(text(),&apos;Contacts&apos;)]]
Trying to find Element By : By.xpath: //a[contains(text(),&apos;Contacts&apos;)]
Found Element By : By.xpath: //a[contains(text(),&apos;Contacts&apos;)]
Trying to find Element By : By.xpath: //a[contains(text(),&apos;Contacts&apos;)]
Found Element By : By.xpath: //a[contains(text(),&apos;Contacts&apos;)]
Trying to find Element By : By.xpath: //a[contains(text(),&apos;Contacts&apos;)]
Found Element By : By.xpath: //a[contains(text(),&apos;Contacts&apos;)]
</system-out>
    <system-err>Starting ChromeDriver 76.0.3809.68 (420c9498db8ce8fcd190a954d51297672c1515d5-refs/branch-heads/3809@{#864}) on port 19706
Only local connections are allowed.
Please protect ports used by ChromeDriver and related test frameworks to prevent access by malicious code.
Aug 16, 2019 4:58:03 PM org.openqa.selenium.remote.ProtocolHandshake createSession
INFO: Detected dialect: W3C
</system-err>
  </testcase>
</testsuite>