<?xml version="1.0" encoding="UTF-8" ?>
<testsuite tests="12" failures="0" name="TestSuite" time="21.826" errors="0" skipped="0">
  <properties>
[...]
</properties>
  <testcase classname="com.crm.qa.testcases.ContactsPageTest" name="verifyContactsPageLabelTest" time="0.149"/>
  <testcase classname="com.crm.qa.testcases.HomePageTest" name="verifyHomePageTitleTest" time="0.113"/>
  <testcase classname="com.crm.qa.testcases.LoginPageTest" name="loginPageTitleTest" time="0.147"/>
  <testcase classname="com.crm.qa.testcases.ContactsPageTest" name="selectSingleContactsTest" time="0.298"/>
  <testcase classname="com.crm.qa.testcases.HomePageTest" name="verifyUsernameDisplayed" time="0.618"/>
  <testcase classname="com.crm.qa.testcases.LoginPageTest" name="crmLogoTest" time="0.291"/>
  <testcase classname="com.crm.qa.testcases.ContactsPageTest" name="selectMultipleContactsTest" time="0.401"/>
  <testcase classname="com.crm.qa.testcases.HomePageTest" name="verifyContactsLinkTest" time="1.202"/>
  <testcase classname="com.crm.qa.testcases.LoginPageTest" name="loginTest" time="7.528"/>
  <testcase classname="com.crm.qa.testcases.ContactsPageTest" name="validateCreateNewContactTest" time="3.254"/>
  <testcase classname="com.crm.qa.testcases.ContactsPageTest" name="validateCreateNewContactTest" time="4.122"/>
  <testcase classname="com.crm.qa.testcases.ContactsPageTest" name="validateCreateNewContactTest" time="3.703"/>
</testsuite>