<?xml version="1.0" encoding="UTF-8"?>
<testng-results skipped="0" failed="0" total="12" passed="12">
  <reporter-output>
  </reporter-output>
  <suite name="Command line suite" duration-ms="256101" started-at="2019-08-18T05:51:36Z" finished-at="2019-08-18T05:55:52Z">
    <groups>
    </groups>
    <test name="Command line test" duration-ms="256101" started-at="2019-08-18T05:51:36Z" finished-at="2019-08-18T05:55:52Z">
      <class name="com.crm.qa.testcases.HomePageTest">
        <test-method status="PASS" signature="setUp()[pri:0, instance:com.crm.qa.testcases.HomePageTest@6fb554cc]" name="setUp" is-config="true" duration-ms="34724" started-at="2019-08-18T01:52:06Z" finished-at="2019-08-18T01:52:41Z">
          <reporter-output>
          </reporter-output>
        </test-method> <!-- setUp -->
        <test-method status="PASS" signature="verifyHomePageTitleTest()[pri:1, instance:com.crm.qa.testcases.HomePageTest@6fb554cc]" name="verifyHomePageTitleTest" duration-ms="113" started-at="2019-08-18T01:52:41Z" finished-at="2019-08-18T01:52:41Z">
          <reporter-output>
          </reporter-output>
        </test-method> <!-- verifyHomePageTitleTest -->
        <test-method status="PASS" signature="tearDown()[pri:0, instance:com.crm.qa.testcases.HomePageTest@6fb554cc]" name="tearDown" is-config="true" duration-ms="1172" started-at="2019-08-18T01:52:41Z" finished-at="2019-08-18T01:52:42Z">
          <reporter-output>
          </reporter-output>
        </test-method> <!-- tearDown -->
        <test-method status="PASS" signature="setUp()[pri:0, instance:com.crm.qa.testcases.HomePageTest@6fb554cc]" name="setUp" is-config="true" duration-ms="18047" started-at="2019-08-18T01:53:15Z" finished-at="2019-08-18T01:53:33Z">
          <reporter-output>
          </reporter-output>
        </test-method> <!-- setUp -->
        <test-method status="PASS" signature="verifyUsernameDisplayed()[pri:2, instance:com.crm.qa.testcases.HomePageTest@6fb554cc]" name="verifyUsernameDisplayed" duration-ms="617" started-at="2019-08-18T01:53:33Z" finished-at="2019-08-18T01:53:34Z">
          <reporter-output>
          </reporter-output>
        </test-method> <!-- verifyUsernameDisplayed -->
        <test-method status="PASS" signature="tearDown()[pri:0, instance:com.crm.qa.testcases.HomePageTest@6fb554cc]" name="tearDown" is-config="true" duration-ms="1141" started-at="2019-08-18T01:53:34Z" finished-at="2019-08-18T01:53:35Z">
          <reporter-output>
          </reporter-output>
        </test-method> <!-- tearDown -->
        <test-method status="PASS" signature="setUp()[pri:0, instance:com.crm.qa.testcases.HomePageTest@6fb554cc]" name="setUp" is-config="true" duration-ms="16638" started-at="2019-08-18T01:54:05Z" finished-at="2019-08-18T01:54:22Z">
          <reporter-output>
          </reporter-output>
        </test-method> <!-- setUp -->
        <test-method status="PASS" signature="verifyContactsLinkTest()[pri:3, instance:com.crm.qa.testcases.HomePageTest@6fb554cc]" name="verifyContactsLinkTest" duration-ms="1202" started-at="2019-08-18T01:54:22Z" finished-at="2019-08-18T01:54:23Z">
          <reporter-output>
          </reporter-output>
        </test-method> <!-- verifyContactsLinkTest -->
        <test-method status="PASS" signature="tearDown()[pri:0, instance:com.crm.qa.testcases.HomePageTest@6fb554cc]" name="tearDown" is-config="true" duration-ms="1063" started-at="2019-08-18T01:54:23Z" finished-at="2019-08-18T01:54:24Z">
          <reporter-output>
          </reporter-output>
        </test-method> <!-- tearDown -->
      </class> <!-- com.crm.qa.testcases.HomePageTest -->
      <class name="com.crm.qa.testcases.ContactsPageTest">
        <test-method status="PASS" signature="setUp()[pri:0, instance:com.crm.qa.testcases.ContactsPageTest@4cb2c100]" name="setUp" is-config="true" duration-ms="28719" started-at="2019-08-18T01:51:36Z" finished-at="2019-08-18T01:52:05Z">
          <reporter-output>
          </reporter-output>
        </test-method> <!-- setUp -->
        <test-method status="PASS" signature="verifyContactsPageLabelTest()[pri:1, instance:com.crm.qa.testcases.ContactsPageTest@4cb2c100]" name="verifyContactsPageLabelTest" duration-ms="149" started-at="2019-08-18T01:52:05Z" finished-at="2019-08-18T01:52:05Z">
          <reporter-output>
          </reporter-output>
        </test-method> <!-- verifyContactsPageLabelTest -->
        <test-method status="PASS" signature="tearDown()[pri:0, instance:com.crm.qa.testcases.ContactsPageTest@4cb2c100]" name="tearDown" is-config="true" duration-ms="1134" started-at="2019-08-18T01:52:05Z" finished-at="2019-08-18T01:52:06Z">
          <reporter-output>
          </reporter-output>
        </test-method> <!-- tearDown -->
        <test-method status="PASS" signature="setUp()[pri:0, instance:com.crm.qa.testcases.ContactsPageTest@4cb2c100]" name="setUp" is-config="true" duration-ms="21205" started-at="2019-08-18T01:52:52Z" finished-at="2019-08-18T01:53:14Z">
          <reporter-output>
          </reporter-output>
        </test-method> <!-- setUp -->
        <test-method status="PASS" signature="selectSingleContactsTest()[pri:2, instance:com.crm.qa.testcases.ContactsPageTest@4cb2c100]" name="selectSingleContactsTest" duration-ms="300" started-at="2019-08-18T01:53:14Z" finished-at="2019-08-18T01:53:14Z">
          <reporter-output>
          </reporter-output>
        </test-method> <!-- selectSingleContactsTest -->
        <test-method status="PASS" signature="tearDown()[pri:0, instance:com.crm.qa.testcases.ContactsPageTest@4cb2c100]" name="tearDown" is-config="true" duration-ms="1248" started-at="2019-08-18T01:53:14Z" finished-at="2019-08-18T01:53:15Z">
          <reporter-output>
          </reporter-output>
        </test-method> <!-- tearDown -->
        <test-method status="PASS" signature="setUp()[pri:0, instance:com.crm.qa.testcases.ContactsPageTest@4cb2c100]" name="setUp" is-config="true" duration-ms="18576" started-at="2019-08-18T01:53:45Z" finished-at="2019-08-18T01:54:04Z">
          <reporter-output>
          </reporter-output>
        </test-method> <!-- setUp -->
        <test-method status="PASS" signature="selectMultipleContactsTest()[pri:3, instance:com.crm.qa.testcases.ContactsPageTest@4cb2c100]" name="selectMultipleContactsTest" duration-ms="402" started-at="2019-08-18T01:54:04Z" finished-at="2019-08-18T01:54:04Z">
          <reporter-output>
          </reporter-output>
        </test-method> <!-- selectMultipleContactsTest -->
        <test-method status="PASS" signature="tearDown()[pri:0, instance:com.crm.qa.testcases.ContactsPageTest@4cb2c100]" name="tearDown" is-config="true" duration-ms="1048" started-at="2019-08-18T01:54:04Z" finished-at="2019-08-18T01:54:05Z">
          <reporter-output>
          </reporter-output>
        </test-method> <!-- tearDown -->
        <test-method status="PASS" signature="setUp()[pri:0, instance:com.crm.qa.testcases.ContactsPageTest@4cb2c100]" name="setUp" is-config="true" duration-ms="16517" started-at="2019-08-18T01:54:43Z" finished-at="2019-08-18T01:55:00Z">
          <reporter-output>
          </reporter-output>
        </test-method> <!-- setUp -->
        <test-method status="PASS" signature="validateCreateNewContactTest(java.lang.String, java.lang.String, java.lang.String, java.lang.String)[pri:4, instance:com.crm.qa.testcases.ContactsPageTest@4cb2c100]" name="validateCreateNewContactTest" duration-ms="3254" started-at="2019-08-18T01:55:00Z" data-provider="getCRMTestData" finished-at="2019-08-18T01:55:03Z">
          <params>
            <param index="0">
              <value>
                <![CDATA[Mr.]]>
              </value>
            </param>
            <param index="1">
              <value>
                <![CDATA[amandeep]]>
              </value>
            </param>
            <param index="2">
              <value>
                <![CDATA[chhina]]>
              </value>
            </param>
            <param index="3">
              <value>
                <![CDATA[amazon]]>
              </value>
            </param>
          </params>
          <reporter-output>
          </reporter-output>
        </test-method> <!-- validateCreateNewContactTest -->
        <test-method status="PASS" signature="tearDown()[pri:0, instance:com.crm.qa.testcases.ContactsPageTest@4cb2c100]" name="tearDown" is-config="true" duration-ms="1141" started-at="2019-08-18T01:55:03Z" finished-at="2019-08-18T01:55:04Z">
          <reporter-output>
          </reporter-output>
        </test-method> <!-- tearDown -->
        <test-method status="PASS" signature="setUp()[pri:0, instance:com.crm.qa.testcases.ContactsPageTest@4cb2c100]" name="setUp" is-config="true" duration-ms="19146" started-at="2019-08-18T01:55:04Z" finished-at="2019-08-18T01:55:23Z">
          <reporter-output>
          </reporter-output>
        </test-method> <!-- setUp -->
        <test-method status="PASS" signature="validateCreateNewContactTest(java.lang.String, java.lang.String, java.lang.String, java.lang.String)[pri:4, instance:com.crm.qa.testcases.ContactsPageTest@4cb2c100]" name="validateCreateNewContactTest" duration-ms="4121" started-at="2019-08-18T01:55:23Z" data-provider="getCRMTestData" finished-at="2019-08-18T01:55:27Z">
          <params>
            <param index="0">
              <value>
                <![CDATA[Miss]]>
              </value>
            </param>
            <param index="1">
              <value>
                <![CDATA[kuljit]]>
              </value>
            </param>
            <param index="2">
              <value>
                <![CDATA[chhina]]>
              </value>
            </param>
            <param index="3">
              <value>
                <![CDATA[ebay]]>
              </value>
            </param>
          </params>
          <reporter-output>
          </reporter-output>
        </test-method> <!-- validateCreateNewContactTest -->
        <test-method status="PASS" signature="tearDown()[pri:0, instance:com.crm.qa.testcases.ContactsPageTest@4cb2c100]" name="tearDown" is-config="true" duration-ms="1136" started-at="2019-08-18T01:55:27Z" finished-at="2019-08-18T01:55:29Z">
          <reporter-output>
          </reporter-output>
        </test-method> <!-- tearDown -->
        <test-method status="PASS" signature="setUp()[pri:0, instance:com.crm.qa.testcases.ContactsPageTest@4cb2c100]" name="setUp" is-config="true" duration-ms="18805" started-at="2019-08-18T01:55:29Z" finished-at="2019-08-18T01:55:47Z">
          <reporter-output>
          </reporter-output>
        </test-method> <!-- setUp -->
        <test-method status="PASS" signature="validateCreateNewContactTest(java.lang.String, java.lang.String, java.lang.String, java.lang.String)[pri:4, instance:com.crm.qa.testcases.ContactsPageTest@4cb2c100]" name="validateCreateNewContactTest" duration-ms="3702" started-at="2019-08-18T01:55:47Z" data-provider="getCRMTestData" finished-at="2019-08-18T01:55:51Z">
          <params>
            <param index="0">
              <value>
                <![CDATA[Mr.]]>
              </value>
            </param>
            <param index="1">
              <value>
                <![CDATA[harpreet]]>
              </value>
            </param>
            <param index="2">
              <value>
                <![CDATA[chhina]]>
              </value>
            </param>
            <param index="3">
              <value>
                <![CDATA[google]]>
              </value>
            </param>
          </params>
          <reporter-output>
          </reporter-output>
        </test-method> <!-- validateCreateNewContactTest -->
        <test-method status="PASS" signature="tearDown()[pri:0, instance:com.crm.qa.testcases.ContactsPageTest@4cb2c100]" name="tearDown" is-config="true" duration-ms="1204" started-at="2019-08-18T01:55:51Z" finished-at="2019-08-18T01:55:52Z">
          <reporter-output>
          </reporter-output>
        </test-method> <!-- tearDown -->
      </class> <!-- com.crm.qa.testcases.ContactsPageTest -->
      <class name="com.crm.qa.testcases.LoginPageTest">
        <test-method status="PASS" signature="setUp()[pri:0, instance:com.crm.qa.testcases.LoginPageTest@614c5515]" name="setUp" is-config="true" duration-ms="9182" started-at="2019-08-18T01:52:42Z" finished-at="2019-08-18T01:52:51Z">
          <reporter-output>
          </reporter-output>
        </test-method> <!-- setUp -->
        <test-method status="PASS" signature="loginPageTitleTest()[pri:1, instance:com.crm.qa.testcases.LoginPageTest@614c5515]" name="loginPageTitleTest" duration-ms="148" started-at="2019-08-18T01:52:51Z" finished-at="2019-08-18T01:52:52Z">
          <reporter-output>
          </reporter-output>
        </test-method> <!-- loginPageTitleTest -->
        <test-method status="PASS" signature="tearDown()[pri:0, instance:com.crm.qa.testcases.LoginPageTest@614c5515]" name="tearDown" is-config="true" duration-ms="900" started-at="2019-08-18T01:52:52Z" finished-at="2019-08-18T01:52:52Z">
          <reporter-output>
          </reporter-output>
        </test-method> <!-- tearDown -->
        <test-method status="PASS" signature="setUp()[pri:0, instance:com.crm.qa.testcases.LoginPageTest@614c5515]" name="setUp" is-config="true" duration-ms="9116" started-at="2019-08-18T01:53:35Z" finished-at="2019-08-18T01:53:44Z">
          <reporter-output>
          </reporter-output>
        </test-method> <!-- setUp -->
        <test-method status="PASS" signature="crmLogoTest()[pri:2, instance:com.crm.qa.testcases.LoginPageTest@614c5515]" name="crmLogoTest" duration-ms="299" started-at="2019-08-18T01:53:44Z" finished-at="2019-08-18T01:53:44Z">
          <reporter-output>
          </reporter-output>
        </test-method> <!-- crmLogoTest -->
        <test-method status="PASS" signature="tearDown()[pri:0, instance:com.crm.qa.testcases.LoginPageTest@614c5515]" name="tearDown" is-config="true" duration-ms="1072" started-at="2019-08-18T01:53:44Z" finished-at="2019-08-18T01:53:45Z">
          <reporter-output>
          </reporter-output>
        </test-method> <!-- tearDown -->
        <test-method status="PASS" signature="setUp()[pri:0, instance:com.crm.qa.testcases.LoginPageTest@614c5515]" name="setUp" is-config="true" duration-ms="8616" started-at="2019-08-18T01:54:24Z" finished-at="2019-08-18T01:54:33Z">
          <reporter-output>
          </reporter-output>
        </test-method> <!-- setUp -->
        <test-method status="PASS" signature="loginTest()[pri:3, instance:com.crm.qa.testcases.LoginPageTest@614c5515]" name="loginTest" duration-ms="7525" started-at="2019-08-18T01:54:33Z" finished-at="2019-08-18T01:54:41Z">
          <reporter-output>
          </reporter-output>
        </test-method> <!-- loginTest -->
        <test-method status="PASS" signature="tearDown()[pri:0, instance:com.crm.qa.testcases.LoginPageTest@614c5515]" name="tearDown" is-config="true" duration-ms="1237" started-at="2019-08-18T01:54:41Z" finished-at="2019-08-18T01:54:42Z">
          <reporter-output>
          </reporter-output>
        </test-method> <!-- tearDown -->
      </class> <!-- com.crm.qa.testcases.LoginPageTest -->
    </test> <!-- Command line test -->
  </suite> <!-- Command line suite -->
</testng-results>
