<?xml version="1.0" encoding="UTF-8"?>
<testng-results skipped="0" failed="0" total="6" passed="6">
  <reporter-output>
  </reporter-output>
  <suite name="Default suite" duration-ms="111180" started-at="2019-08-17T19:38:08Z" finished-at="2019-08-17T19:39:59Z">
    <groups>
    </groups>
    <test name="Default test" duration-ms="111180" started-at="2019-08-17T19:38:08Z" finished-at="2019-08-17T19:39:59Z">
      <class name="com.crm.qa.testcases.ContactsPageTest">
        <test-method status="PASS" signature="setUp()[pri:0, instance:com.crm.qa.testcases.ContactsPageTest@56cbfb61]" name="setUp" is-config="true" duration-ms="18329" started-at="2019-08-17T15:38:08Z" finished-at="2019-08-17T15:38:26Z">
          <reporter-output>
          </reporter-output>
        </test-method> <!-- setUp -->
        <test-method status="PASS" signature="verifyContactsPageLabelTest()[pri:1, instance:com.crm.qa.testcases.ContactsPageTest@56cbfb61]" name="verifyContactsPageLabelTest" duration-ms="110" started-at="2019-08-17T15:38:26Z" finished-at="2019-08-17T15:38:26Z">
          <reporter-output>
          </reporter-output>
        </test-method> <!-- verifyContactsPageLabelTest -->
        <test-method status="PASS" signature="tearDown()[pri:0, instance:com.crm.qa.testcases.ContactsPageTest@56cbfb61]" name="tearDown" is-config="true" duration-ms="919" started-at="2019-08-17T15:38:26Z" finished-at="2019-08-17T15:38:27Z">
          <reporter-output>
          </reporter-output>
        </test-method> <!-- tearDown -->
        <test-method status="PASS" signature="setUp()[pri:0, instance:com.crm.qa.testcases.ContactsPageTest@56cbfb61]" name="setUp" is-config="true" duration-ms="16590" started-at="2019-08-17T15:38:27Z" finished-at="2019-08-17T15:38:44Z">
          <reporter-output>
          </reporter-output>
        </test-method> <!-- setUp -->
        <test-method status="PASS" signature="selectSingleContactsTest()[pri:2, instance:com.crm.qa.testcases.ContactsPageTest@56cbfb61]" name="selectSingleContactsTest" duration-ms="146" started-at="2019-08-17T15:38:44Z" finished-at="2019-08-17T15:38:44Z">
          <reporter-output>
          </reporter-output>
        </test-method> <!-- selectSingleContactsTest -->
        <test-method status="PASS" signature="tearDown()[pri:0, instance:com.crm.qa.testcases.ContactsPageTest@56cbfb61]" name="tearDown" is-config="true" duration-ms="892" started-at="2019-08-17T15:38:44Z" finished-at="2019-08-17T15:38:45Z">
          <reporter-output>
          </reporter-output>
        </test-method> <!-- tearDown -->
        <test-method status="PASS" signature="setUp()[pri:0, instance:com.crm.qa.testcases.ContactsPageTest@56cbfb61]" name="setUp" is-config="true" duration-ms="14880" started-at="2019-08-17T15:38:45Z" finished-at="2019-08-17T15:39:00Z">
          <reporter-output>
          </reporter-output>
        </test-method> <!-- setUp -->
        <test-method status="PASS" signature="selectMultipleContactsTest()[pri:3, instance:com.crm.qa.testcases.ContactsPageTest@56cbfb61]" name="selectMultipleContactsTest" duration-ms="419" started-at="2019-08-17T15:39:00Z" finished-at="2019-08-17T15:39:00Z">
          <reporter-output>
          </reporter-output>
        </test-method> <!-- selectMultipleContactsTest -->
        <test-method status="PASS" signature="tearDown()[pri:0, instance:com.crm.qa.testcases.ContactsPageTest@56cbfb61]" name="tearDown" is-config="true" duration-ms="920" started-at="2019-08-17T15:39:00Z" finished-at="2019-08-17T15:39:01Z">
          <reporter-output>
          </reporter-output>
        </test-method> <!-- tearDown -->
        <test-method status="PASS" signature="setUp()[pri:0, instance:com.crm.qa.testcases.ContactsPageTest@56cbfb61]" name="setUp" is-config="true" duration-ms="15471" started-at="2019-08-17T15:39:02Z" finished-at="2019-08-17T15:39:17Z">
          <reporter-output>
          </reporter-output>
        </test-method> <!-- setUp -->
        <test-method status="PASS" signature="validateCreateNewContactTest(java.lang.String, java.lang.String, java.lang.String, java.lang.String)[pri:4, instance:com.crm.qa.testcases.ContactsPageTest@56cbfb61]" name="validateCreateNewContactTest" duration-ms="3423" started-at="2019-08-17T15:39:17Z" data-provider="getCRMTestData" finished-at="2019-08-17T15:39:21Z">
          <params>
            <param index="0">
              <value>
                <![CDATA[Mr.]]>
              </value>
            </param>
            <param index="1">
              <value>
                <![CDATA[amandeep]]>
              </value>
            </param>
            <param index="2">
              <value>
                <![CDATA[chhina]]>
              </value>
            </param>
            <param index="3">
              <value>
                <![CDATA[amazon]]>
              </value>
            </param>
          </params>
          <reporter-output>
          </reporter-output>
        </test-method> <!-- validateCreateNewContactTest -->
        <test-method status="PASS" signature="tearDown()[pri:0, instance:com.crm.qa.testcases.ContactsPageTest@56cbfb61]" name="tearDown" is-config="true" duration-ms="919" started-at="2019-08-17T15:39:21Z" finished-at="2019-08-17T15:39:22Z">
          <reporter-output>
          </reporter-output>
        </test-method> <!-- tearDown -->
        <test-method status="PASS" signature="setUp()[pri:0, instance:com.crm.qa.testcases.ContactsPageTest@56cbfb61]" name="setUp" is-config="true" duration-ms="15672" started-at="2019-08-17T15:39:22Z" finished-at="2019-08-17T15:39:37Z">
          <reporter-output>
          </reporter-output>
        </test-method> <!-- setUp -->
        <test-method status="PASS" signature="validateCreateNewContactTest(java.lang.String, java.lang.String, java.lang.String, java.lang.String)[pri:4, instance:com.crm.qa.testcases.ContactsPageTest@56cbfb61]" name="validateCreateNewContactTest" duration-ms="2781" started-at="2019-08-17T15:39:37Z" data-provider="getCRMTestData" finished-at="2019-08-17T15:39:40Z">
          <params>
            <param index="0">
              <value>
                <![CDATA[Miss]]>
              </value>
            </param>
            <param index="1">
              <value>
                <![CDATA[kuljit]]>
              </value>
            </param>
            <param index="2">
              <value>
                <![CDATA[chhina]]>
              </value>
            </param>
            <param index="3">
              <value>
                <![CDATA[ebay]]>
              </value>
            </param>
          </params>
          <reporter-output>
          </reporter-output>
        </test-method> <!-- validateCreateNewContactTest -->
        <test-method status="PASS" signature="tearDown()[pri:0, instance:com.crm.qa.testcases.ContactsPageTest@56cbfb61]" name="tearDown" is-config="true" duration-ms="890" started-at="2019-08-17T15:39:40Z" finished-at="2019-08-17T15:39:41Z">
          <reporter-output>
          </reporter-output>
        </test-method> <!-- tearDown -->
        <test-method status="PASS" signature="setUp()[pri:0, instance:com.crm.qa.testcases.ContactsPageTest@56cbfb61]" name="setUp" is-config="true" duration-ms="14690" started-at="2019-08-17T15:39:41Z" finished-at="2019-08-17T15:39:56Z">
          <reporter-output>
          </reporter-output>
        </test-method> <!-- setUp -->
        <test-method status="PASS" signature="validateCreateNewContactTest(java.lang.String, java.lang.String, java.lang.String, java.lang.String)[pri:4, instance:com.crm.qa.testcases.ContactsPageTest@56cbfb61]" name="validateCreateNewContactTest" duration-ms="2547" started-at="2019-08-17T15:39:56Z" data-provider="getCRMTestData" finished-at="2019-08-17T15:39:58Z">
          <params>
            <param index="0">
              <value>
                <![CDATA[Mr.]]>
              </value>
            </param>
            <param index="1">
              <value>
                <![CDATA[harpreet]]>
              </value>
            </param>
            <param index="2">
              <value>
                <![CDATA[chhina]]>
              </value>
            </param>
            <param index="3">
              <value>
                <![CDATA[google]]>
              </value>
            </param>
          </params>
          <reporter-output>
          </reporter-output>
        </test-method> <!-- validateCreateNewContactTest -->
        <test-method status="PASS" signature="tearDown()[pri:0, instance:com.crm.qa.testcases.ContactsPageTest@56cbfb61]" name="tearDown" is-config="true" duration-ms="901" started-at="2019-08-17T15:39:58Z" finished-at="2019-08-17T15:39:59Z">
          <reporter-output>
          </reporter-output>
        </test-method> <!-- tearDown -->
      </class> <!-- com.crm.qa.testcases.ContactsPageTest -->
    </test> <!-- Default test -->
  </suite> <!-- Default suite -->
</testng-results>
